<?xml version="1.0" encoding="UTF-8"?>
<testsuite xmlns:xsi="http://www.w3.org/2001/XMLSchema-instance" xsi:noNamespaceSchemaLocation="https://maven.apache.org/surefire/maven-surefire-plugin/xsd/surefire-test-report.xsd" name="org.demo.springboot.attendance.schedule.DemoSpringbootApplicationTests" time="0.1" tests="1" errors="0" skipped="0" failures="0">
  <properties>
    <property name="sun.desktop" value="windows"/>
    <property name="awt.toolkit" value="sun.awt.windows.WToolkit"/>
    <property name="file.encoding.pkg" value="sun.io"/>
    <property name="java.specification.version" value="1.8"/>
    <property name="sun.cpu.isalist" value="amd64"/>
    <property name="sun.jnu.encoding" value="GBK"/>
    <property name="java.class.path" value="D:\CustomerCenter\workspace\demo-springboot-module\demo-springboot-attendance-schedule\target\test-classes;D:\CustomerCenter\workspace\demo-springboot-module\demo-springboot-attendance-schedule\target\classes;D:\iWantWant2\apache-maven-3.3.9\repository\com\example\demo-springboot-base\0.0.1-SNAPSHOT\demo-springboot-base-0.0.1-SNAPSHOT.jar;D:\iWantWant2\apache-maven-3.3.9\repository\org\springframework\boot\spring-boot-starter\2.1.7.RELEASE\spring-boot-starter-2.1.7.RELEASE.jar;D:\iWantWant2\apache-maven-3.3.9\repository\org\springframework\boot\spring-boot\2.1.7.RELEASE\spring-boot-2.1.7.RELEASE.jar;D:\iWantWant2\apache-maven-3.3.9\repository\org\springframework\spring-context\5.1.9.RELEASE\spring-context-5.1.9.RELEASE.jar;D:\iWantWant2\apache-maven-3.3.9\repository\org\springframework\boot\spring-boot-autoconfigure\2.1.7.RELEASE\spring-boot-autoconfigure-2.1.7.RELEASE.jar;D:\iWantWant2\apache-maven-3.3.9\repository\org\springframework\boot\spring-boot-starter-logging\2.1.7.RELEASE\spring-boot-starter-logging-2.1.7.RELEASE.jar;D:\iWantWant2\apache-maven-3.3.9\repository\ch\qos\logback\logback-classic\1.2.3\logback-classic-1.2.3.jar;D:\iWantWant2\apache-maven-3.3.9\repository\ch\qos\logback\logback-core\1.2.3\logback-core-1.2.3.jar;D:\iWantWant2\apache-maven-3.3.9\repository\org\apache\logging\log4j\log4j-to-slf4j\2.11.2\log4j-to-slf4j-2.11.2.jar;D:\iWantWant2\apache-maven-3.3.9\repository\org\apache\logging\log4j\log4j-api\2.11.2\log4j-api-2.11.2.jar;D:\iWantWant2\apache-maven-3.3.9\repository\org\slf4j\jul-to-slf4j\1.7.26\jul-to-slf4j-1.7.26.jar;D:\iWantWant2\apache-maven-3.3.9\repository\javax\annotation\javax.annotation-api\1.3.2\javax.annotation-api-1.3.2.jar;D:\iWantWant2\apache-maven-3.3.9\repository\org\springframework\spring-core\5.1.9.RELEASE\spring-core-5.1.9.RELEASE.jar;D:\iWantWant2\apache-maven-3.3.9\repository\org\springframework\spring-jcl\5.1.9.RELEASE\spring-jcl-5.1.9.RELEASE.jar;D:\iWantWant2\apache-maven-3.3.9\repository\org\yaml\snakeyaml\1.23\snakeyaml-1.23.jar;D:\iWantWant2\apache-maven-3.3.9\repository\org\springframework\boot\spring-boot-starter-test\2.1.7.RELEASE\spring-boot-starter-test-2.1.7.RELEASE.jar;D:\iWantWant2\apache-maven-3.3.9\repository\org\springframework\boot\spring-boot-test\2.1.7.RELEASE\spring-boot-test-2.1.7.RELEASE.jar;D:\iWantWant2\apache-maven-3.3.9\repository\org\springframework\boot\spring-boot-test-autoconfigure\2.1.7.RELEASE\spring-boot-test-autoconfigure-2.1.7.RELEASE.jar;D:\iWantWant2\apache-maven-3.3.9\repository\com\jayway\jsonpath\json-path\2.4.0\json-path-2.4.0.jar;D:\iWantWant2\apache-maven-3.3.9\repository\net\minidev\json-smart\2.3\json-smart-2.3.jar;D:\iWantWant2\apache-maven-3.3.9\repository\net\minidev\accessors-smart\1.2\accessors-smart-1.2.jar;D:\iWantWant2\apache-maven-3.3.9\repository\org\ow2\asm\asm\5.0.4\asm-5.0.4.jar;D:\iWantWant2\apache-maven-3.3.9\repository\org\slf4j\slf4j-api\1.7.26\slf4j-api-1.7.26.jar;D:\iWantWant2\apache-maven-3.3.9\repository\junit\junit\4.12\junit-4.12.jar;D:\iWantWant2\apache-maven-3.3.9\repository\org\assertj\assertj-core\3.11.1\assertj-core-3.11.1.jar;D:\iWantWant2\apache-maven-3.3.9\repository\org\mockito\mockito-core\2.23.4\mockito-core-2.23.4.jar;D:\iWantWant2\apache-maven-3.3.9\repository\net\bytebuddy\byte-buddy\1.9.16\byte-buddy-1.9.16.jar;D:\iWantWant2\apache-maven-3.3.9\repository\net\bytebuddy\byte-buddy-agent\1.9.16\byte-buddy-agent-1.9.16.jar;D:\iWantWant2\apache-maven-3.3.9\repository\org\objenesis\objenesis\2.6\objenesis-2.6.jar;D:\iWantWant2\apache-maven-3.3.9\repository\org\hamcrest\hamcrest-core\1.3\hamcrest-core-1.3.jar;D:\iWantWant2\apache-maven-3.3.9\repository\org\hamcrest\hamcrest-library\1.3\hamcrest-library-1.3.jar;D:\iWantWant2\apache-maven-3.3.9\repository\org\skyscreamer\jsonassert\1.5.0\jsonassert-1.5.0.jar;D:\iWantWant2\apache-maven-3.3.9\repository\com\vaadin\external\google\android-json\0.0.20131108.vaadin1\android-json-0.0.20131108.vaadin1.jar;D:\iWantWant2\apache-maven-3.3.9\repository\org\springframework\spring-test\5.1.9.RELEASE\spring-test-5.1.9.RELEASE.jar;D:\iWantWant2\apache-maven-3.3.9\repository\org\xmlunit\xmlunit-core\2.6.3\xmlunit-core-2.6.3.jar;D:\iWantWant2\apache-maven-3.3.9\repository\org\springframework\boot\spring-boot-starter-web\2.1.7.RELEASE\spring-boot-starter-web-2.1.7.RELEASE.jar;D:\iWantWant2\apache-maven-3.3.9\repository\org\springframework\boot\spring-boot-starter-json\2.1.7.RELEASE\spring-boot-starter-json-2.1.7.RELEASE.jar;D:\iWantWant2\apache-maven-3.3.9\repository\com\fasterxml\jackson\core\jackson-databind\2.9.9\jackson-databind-2.9.9.jar;D:\iWantWant2\apache-maven-3.3.9\repository\com\fasterxml\jackson\core\jackson-annotations\2.9.0\jackson-annotations-2.9.0.jar;D:\iWantWant2\apache-maven-3.3.9\repository\com\fasterxml\jackson\core\jackson-core\2.9.9\jackson-core-2.9.9.jar;D:\iWantWant2\apache-maven-3.3.9\repository\com\fasterxml\jackson\datatype\jackson-datatype-jdk8\2.9.9\jackson-datatype-jdk8-2.9.9.jar;D:\iWantWant2\apache-maven-3.3.9\repository\com\fasterxml\jackson\datatype\jackson-datatype-jsr310\2.9.9\jackson-datatype-jsr310-2.9.9.jar;D:\iWantWant2\apache-maven-3.3.9\repository\com\fasterxml\jackson\module\jackson-module-parameter-names\2.9.9\jackson-module-parameter-names-2.9.9.jar;D:\iWantWant2\apache-maven-3.3.9\repository\org\springframework\boot\spring-boot-starter-tomcat\2.1.7.RELEASE\spring-boot-starter-tomcat-2.1.7.RELEASE.jar;D:\iWantWant2\apache-maven-3.3.9\repository\org\apache\tomcat\embed\tomcat-embed-core\9.0.22\tomcat-embed-core-9.0.22.jar;D:\iWantWant2\apache-maven-3.3.9\repository\org\apache\tomcat\embed\tomcat-embed-el\9.0.22\tomcat-embed-el-9.0.22.jar;D:\iWantWant2\apache-maven-3.3.9\repository\org\apache\tomcat\embed\tomcat-embed-websocket\9.0.22\tomcat-embed-websocket-9.0.22.jar;D:\iWantWant2\apache-maven-3.3.9\repository\org\hibernate\validator\hibernate-validator\6.0.17.Final\hibernate-validator-6.0.17.Final.jar;D:\iWantWant2\apache-maven-3.3.9\repository\javax\validation\validation-api\2.0.1.Final\validation-api-2.0.1.Final.jar;D:\iWantWant2\apache-maven-3.3.9\repository\org\jboss\logging\jboss-logging\3.3.2.Final\jboss-logging-3.3.2.Final.jar;D:\iWantWant2\apache-maven-3.3.9\repository\com\fasterxml\classmate\1.4.0\classmate-1.4.0.jar;D:\iWantWant2\apache-maven-3.3.9\repository\org\springframework\spring-web\5.1.9.RELEASE\spring-web-5.1.9.RELEASE.jar;D:\iWantWant2\apache-maven-3.3.9\repository\org\springframework\spring-beans\5.1.9.RELEASE\spring-beans-5.1.9.RELEASE.jar;D:\iWantWant2\apache-maven-3.3.9\repository\org\springframework\spring-webmvc\5.1.9.RELEASE\spring-webmvc-5.1.9.RELEASE.jar;D:\iWantWant2\apache-maven-3.3.9\repository\org\springframework\spring-aop\5.1.9.RELEASE\spring-aop-5.1.9.RELEASE.jar;D:\iWantWant2\apache-maven-3.3.9\repository\org\springframework\spring-expression\5.1.9.RELEASE\spring-expression-5.1.9.RELEASE.jar;D:\iWantWant2\apache-maven-3.3.9\repository\org\mybatis\spring\boot\mybatis-spring-boot-starter\1.1.1\mybatis-spring-boot-starter-1.1.1.jar;D:\iWantWant2\apache-maven-3.3.9\repository\org\mybatis\spring\boot\mybatis-spring-boot-autoconfigure\1.1.1\mybatis-spring-boot-autoconfigure-1.1.1.jar;D:\iWantWant2\apache-maven-3.3.9\repository\org\mybatis\mybatis\3.4.0\mybatis-3.4.0.jar;D:\iWantWant2\apache-maven-3.3.9\repository\org\mybatis\mybatis-spring\1.3.0\mybatis-spring-1.3.0.jar;D:\iWantWant2\apache-maven-3.3.9\repository\org\springframework\boot\spring-boot-starter-jdbc\2.1.7.RELEASE\spring-boot-starter-jdbc-2.1.7.RELEASE.jar;D:\iWantWant2\apache-maven-3.3.9\repository\com\zaxxer\HikariCP\3.2.0\HikariCP-3.2.0.jar;D:\iWantWant2\apache-maven-3.3.9\repository\org\springframework\spring-jdbc\5.1.9.RELEASE\spring-jdbc-5.1.9.RELEASE.jar;D:\iWantWant2\apache-maven-3.3.9\repository\org\springframework\spring-tx\5.1.9.RELEASE\spring-tx-5.1.9.RELEASE.jar;D:\iWantWant2\apache-maven-3.3.9\repository\mysql\mysql-connector-java\8.0.17\mysql-connector-java-8.0.17.jar;D:\iWantWant2\apache-maven-3.3.9\repository\com\github\ulisesbocchio\jasypt-spring-boot-starter\1.18\jasypt-spring-boot-starter-1.18.jar;D:\iWantWant2\apache-maven-3.3.9\repository\com\github\ulisesbocchio\jasypt-spring-boot\1.18\jasypt-spring-boot-1.18.jar;D:\iWantWant2\apache-maven-3.3.9\repository\org\jasypt\jasypt\1.9.2\jasypt-1.9.2.jar;"/>
    <property name="java.vm.vendor" value="Oracle Corporation"/>
    <property name="sun.arch.data.model" value="64"/>
    <property name="user.variant" value=""/>
    <property name="java.vendor.url" value="http://java.oracle.com/"/>
    <property name="user.timezone" value="Asia/Taipei"/>
    <property name="java.vm.specification.version" value="1.8"/>
    <property name="os.name" value="Windows 7"/>
    <property name="user.country" value="TW"/>
    <property name="sun.java.launcher" value="SUN_STANDARD"/>
    <property name="sun.boot.library.path" value="C:\Program Files\Java\jdk1.8.0_111\jre\bin"/>
    <property name="sun.java.command" value="C:\Users\80005462\AppData\Local\Temp\surefire1663385380214076138\surefirebooter4626888149263411817.jar C:\Users\80005462\AppData\Local\Temp\surefire1663385380214076138 2019-08-16T12-18-46_799-jvmRun1 surefire2200106186872761228tmp surefire_02966624716360817570tmp"/>
    <property name="surefire.test.class.path" value="D:\CustomerCenter\workspace\demo-springboot-module\demo-springboot-attendance-schedule\target\test-classes;D:\CustomerCenter\workspace\demo-springboot-module\demo-springboot-attendance-schedule\target\classes;D:\iWantWant2\apache-maven-3.3.9\repository\com\example\demo-springboot-base\0.0.1-SNAPSHOT\demo-springboot-base-0.0.1-SNAPSHOT.jar;D:\iWantWant2\apache-maven-3.3.9\repository\org\springframework\boot\spring-boot-starter\2.1.7.RELEASE\spring-boot-starter-2.1.7.RELEASE.jar;D:\iWantWant2\apache-maven-3.3.9\repository\org\springframework\boot\spring-boot\2.1.7.RELEASE\spring-boot-2.1.7.RELEASE.jar;D:\iWantWant2\apache-maven-3.3.9\repository\org\springframework\spring-context\5.1.9.RELEASE\spring-context-5.1.9.RELEASE.jar;D:\iWantWant2\apache-maven-3.3.9\repository\org\springframework\boot\spring-boot-autoconfigure\2.1.7.RELEASE\spring-boot-autoconfigure-2.1.7.RELEASE.jar;D:\iWantWant2\apache-maven-3.3.9\repository\org\springframework\boot\spring-boot-starter-logging\2.1.7.RELEASE\spring-boot-starter-logging-2.1.7.RELEASE.jar;D:\iWantWant2\apache-maven-3.3.9\repository\ch\qos\logback\logback-classic\1.2.3\logback-classic-1.2.3.jar;D:\iWantWant2\apache-maven-3.3.9\repository\ch\qos\logback\logback-core\1.2.3\logback-core-1.2.3.jar;D:\iWantWant2\apache-maven-3.3.9\repository\org\apache\logging\log4j\log4j-to-slf4j\2.11.2\log4j-to-slf4j-2.11.2.jar;D:\iWantWant2\apache-maven-3.3.9\repository\org\apache\logging\log4j\log4j-api\2.11.2\log4j-api-2.11.2.jar;D:\iWantWant2\apache-maven-3.3.9\repository\org\slf4j\jul-to-slf4j\1.7.26\jul-to-slf4j-1.7.26.jar;D:\iWantWant2\apache-maven-3.3.9\repository\javax\annotation\javax.annotation-api\1.3.2\javax.annotation-api-1.3.2.jar;D:\iWantWant2\apache-maven-3.3.9\repository\org\springframework\spring-core\5.1.9.RELEASE\spring-core-5.1.9.RELEASE.jar;D:\iWantWant2\apache-maven-3.3.9\repository\org\springframework\spring-jcl\5.1.9.RELEASE\spring-jcl-5.1.9.RELEASE.jar;D:\iWantWant2\apache-maven-3.3.9\repository\org\yaml\snakeyaml\1.23\snakeyaml-1.23.jar;D:\iWantWant2\apache-maven-3.3.9\repository\org\springframework\boot\spring-boot-starter-test\2.1.7.RELEASE\spring-boot-starter-test-2.1.7.RELEASE.jar;D:\iWantWant2\apache-maven-3.3.9\repository\org\springframework\boot\spring-boot-test\2.1.7.RELEASE\spring-boot-test-2.1.7.RELEASE.jar;D:\iWantWant2\apache-maven-3.3.9\repository\org\springframework\boot\spring-boot-test-autoconfigure\2.1.7.RELEASE\spring-boot-test-autoconfigure-2.1.7.RELEASE.jar;D:\iWantWant2\apache-maven-3.3.9\repository\com\jayway\jsonpath\json-path\2.4.0\json-path-2.4.0.jar;D:\iWantWant2\apache-maven-3.3.9\repository\net\minidev\json-smart\2.3\json-smart-2.3.jar;D:\iWantWant2\apache-maven-3.3.9\repository\net\minidev\accessors-smart\1.2\accessors-smart-1.2.jar;D:\iWantWant2\apache-maven-3.3.9\repository\org\ow2\asm\asm\5.0.4\asm-5.0.4.jar;D:\iWantWant2\apache-maven-3.3.9\repository\org\slf4j\slf4j-api\1.7.26\slf4j-api-1.7.26.jar;D:\iWantWant2\apache-maven-3.3.9\repository\junit\junit\4.12\junit-4.12.jar;D:\iWantWant2\apache-maven-3.3.9\repository\org\assertj\assertj-core\3.11.1\assertj-core-3.11.1.jar;D:\iWantWant2\apache-maven-3.3.9\repository\org\mockito\mockito-core\2.23.4\mockito-core-2.23.4.jar;D:\iWantWant2\apache-maven-3.3.9\repository\net\bytebuddy\byte-buddy\1.9.16\byte-buddy-1.9.16.jar;D:\iWantWant2\apache-maven-3.3.9\repository\net\bytebuddy\byte-buddy-agent\1.9.16\byte-buddy-agent-1.9.16.jar;D:\iWantWant2\apache-maven-3.3.9\repository\org\objenesis\objenesis\2.6\objenesis-2.6.jar;D:\iWantWant2\apache-maven-3.3.9\repository\org\hamcrest\hamcrest-core\1.3\hamcrest-core-1.3.jar;D:\iWantWant2\apache-maven-3.3.9\repository\org\hamcrest\hamcrest-library\1.3\hamcrest-library-1.3.jar;D:\iWantWant2\apache-maven-3.3.9\repository\org\skyscreamer\jsonassert\1.5.0\jsonassert-1.5.0.jar;D:\iWantWant2\apache-maven-3.3.9\repository\com\vaadin\external\google\android-json\0.0.20131108.vaadin1\android-json-0.0.20131108.vaadin1.jar;D:\iWantWant2\apache-maven-3.3.9\repository\org\springframework\spring-test\5.1.9.RELEASE\spring-test-5.1.9.RELEASE.jar;D:\iWantWant2\apache-maven-3.3.9\repository\org\xmlunit\xmlunit-core\2.6.3\xmlunit-core-2.6.3.jar;D:\iWantWant2\apache-maven-3.3.9\repository\org\springframework\boot\spring-boot-starter-web\2.1.7.RELEASE\spring-boot-starter-web-2.1.7.RELEASE.jar;D:\iWantWant2\apache-maven-3.3.9\repository\org\springframework\boot\spring-boot-starter-json\2.1.7.RELEASE\spring-boot-starter-json-2.1.7.RELEASE.jar;D:\iWantWant2\apache-maven-3.3.9\repository\com\fasterxml\jackson\core\jackson-databind\2.9.9\jackson-databind-2.9.9.jar;D:\iWantWant2\apache-maven-3.3.9\repository\com\fasterxml\jackson\core\jackson-annotations\2.9.0\jackson-annotations-2.9.0.jar;D:\iWantWant2\apache-maven-3.3.9\repository\com\fasterxml\jackson\core\jackson-core\2.9.9\jackson-core-2.9.9.jar;D:\iWantWant2\apache-maven-3.3.9\repository\com\fasterxml\jackson\datatype\jackson-datatype-jdk8\2.9.9\jackson-datatype-jdk8-2.9.9.jar;D:\iWantWant2\apache-maven-3.3.9\repository\com\fasterxml\jackson\datatype\jackson-datatype-jsr310\2.9.9\jackson-datatype-jsr310-2.9.9.jar;D:\iWantWant2\apache-maven-3.3.9\repository\com\fasterxml\jackson\module\jackson-module-parameter-names\2.9.9\jackson-module-parameter-names-2.9.9.jar;D:\iWantWant2\apache-maven-3.3.9\repository\org\springframework\boot\spring-boot-starter-tomcat\2.1.7.RELEASE\spring-boot-starter-tomcat-2.1.7.RELEASE.jar;D:\iWantWant2\apache-maven-3.3.9\repository\org\apache\tomcat\embed\tomcat-embed-core\9.0.22\tomcat-embed-core-9.0.22.jar;D:\iWantWant2\apache-maven-3.3.9\repository\org\apache\tomcat\embed\tomcat-embed-el\9.0.22\tomcat-embed-el-9.0.22.jar;D:\iWantWant2\apache-maven-3.3.9\repository\org\apache\tomcat\embed\tomcat-embed-websocket\9.0.22\tomcat-embed-websocket-9.0.22.jar;D:\iWantWant2\apache-maven-3.3.9\repository\org\hibernate\validator\hibernate-validator\6.0.17.Final\hibernate-validator-6.0.17.Final.jar;D:\iWantWant2\apache-maven-3.3.9\repository\javax\validation\validation-api\2.0.1.Final\validation-api-2.0.1.Final.jar;D:\iWantWant2\apache-maven-3.3.9\repository\org\jboss\logging\jboss-logging\3.3.2.Final\jboss-logging-3.3.2.Final.jar;D:\iWantWant2\apache-maven-3.3.9\repository\com\fasterxml\classmate\1.4.0\classmate-1.4.0.jar;D:\iWantWant2\apache-maven-3.3.9\repository\org\springframework\spring-web\5.1.9.RELEASE\spring-web-5.1.9.RELEASE.jar;D:\iWantWant2\apache-maven-3.3.9\repository\org\springframework\spring-beans\5.1.9.RELEASE\spring-beans-5.1.9.RELEASE.jar;D:\iWantWant2\apache-maven-3.3.9\repository\org\springframework\spring-webmvc\5.1.9.RELEASE\spring-webmvc-5.1.9.RELEASE.jar;D:\iWantWant2\apache-maven-3.3.9\repository\org\springframework\spring-aop\5.1.9.RELEASE\spring-aop-5.1.9.RELEASE.jar;D:\iWantWant2\apache-maven-3.3.9\repository\org\springframework\spring-expression\5.1.9.RELEASE\spring-expression-5.1.9.RELEASE.jar;D:\iWantWant2\apache-maven-3.3.9\repository\org\mybatis\spring\boot\mybatis-spring-boot-starter\1.1.1\mybatis-spring-boot-starter-1.1.1.jar;D:\iWantWant2\apache-maven-3.3.9\repository\org\mybatis\spring\boot\mybatis-spring-boot-autoconfigure\1.1.1\mybatis-spring-boot-autoconfigure-1.1.1.jar;D:\iWantWant2\apache-maven-3.3.9\repository\org\mybatis\mybatis\3.4.0\mybatis-3.4.0.jar;D:\iWantWant2\apache-maven-3.3.9\repository\org\mybatis\mybatis-spring\1.3.0\mybatis-spring-1.3.0.jar;D:\iWantWant2\apache-maven-3.3.9\repository\org\springframework\boot\spring-boot-starter-jdbc\2.1.7.RELEASE\spring-boot-starter-jdbc-2.1.7.RELEASE.jar;D:\iWantWant2\apache-maven-3.3.9\repository\com\zaxxer\HikariCP\3.2.0\HikariCP-3.2.0.jar;D:\iWantWant2\apache-maven-3.3.9\repository\org\springframework\spring-jdbc\5.1.9.RELEASE\spring-jdbc-5.1.9.RELEASE.jar;D:\iWantWant2\apache-maven-3.3.9\repository\org\springframework\spring-tx\5.1.9.RELEASE\spring-tx-5.1.9.RELEASE.jar;D:\iWantWant2\apache-maven-3.3.9\repository\mysql\mysql-connector-java\8.0.17\mysql-connector-java-8.0.17.jar;D:\iWantWant2\apache-maven-3.3.9\repository\com\github\ulisesbocchio\jasypt-spring-boot-starter\1.18\jasypt-spring-boot-starter-1.18.jar;D:\iWantWant2\apache-maven-3.3.9\repository\com\github\ulisesbocchio\jasypt-spring-boot\1.18\jasypt-spring-boot-1.18.jar;D:\iWantWant2\apache-maven-3.3.9\repository\org\jasypt\jasypt\1.9.2\jasypt-1.9.2.jar;"/>
    <property name="sun.cpu.endian" value="little"/>
    <property name="user.home" value="C:\Users\80005462"/>
    <property name="user.language" value="zh"/>
    <property name="java.specification.vendor" value="Oracle Corporation"/>
    <property name="java.home" value="C:\Program Files\Java\jdk1.8.0_111\jre"/>
    <property name="basedir" value="D:\CustomerCenter\workspace\demo-springboot-module\demo-springboot-attendance-schedule"/>
    <property name="file.separator" value="\"/>
    <property name="line.separator" value="&#10;"/>
    <property name="java.vm.specification.vendor" value="Oracle Corporation"/>
    <property name="java.specification.name" value="Java Platform API Specification"/>
    <property name="java.awt.graphicsenv" value="sun.awt.Win32GraphicsEnvironment"/>
    <property name="surefire.real.class.path" value="C:\Users\80005462\AppData\Local\Temp\surefire1663385380214076138\surefirebooter4626888149263411817.jar"/>
    <property name="sun.boot.class.path" value="C:\Program Files\Java\jdk1.8.0_111\jre\lib\resources.jar;C:\Program Files\Java\jdk1.8.0_111\jre\lib\rt.jar;C:\Program Files\Java\jdk1.8.0_111\jre\lib\sunrsasign.jar;C:\Program Files\Java\jdk1.8.0_111\jre\lib\jsse.jar;C:\Program Files\Java\jdk1.8.0_111\jre\lib\jce.jar;C:\Program Files\Java\jdk1.8.0_111\jre\lib\charsets.jar;C:\Program Files\Java\jdk1.8.0_111\jre\lib\jfr.jar;C:\Program Files\Java\jdk1.8.0_111\jre\classes"/>
    <property name="user.script" value=""/>
    <property name="sun.management.compiler" value="HotSpot 64-Bit Tiered Compilers"/>
    <property name="java.runtime.version" value="1.8.0_111-b14"/>
    <property name="user.name" value="80005462"/>
    <property name="path.separator" value=";"/>
    <property name="os.version" value="6.1"/>
    <property name="java.endorsed.dirs" value="C:\Program Files\Java\jdk1.8.0_111\jre\lib\endorsed"/>
    <property name="java.runtime.name" value="Java(TM) SE Runtime Environment"/>
    <property name="file.encoding" value="GBK"/>
    <property name="java.vm.name" value="Java HotSpot(TM) 64-Bit Server VM"/>
    <property name="localRepository" value="D:\iWantWant2\apache-maven-3.3.9\repository"/>
    <property name="java.vendor.url.bug" value="http://bugreport.sun.com/bugreport/"/>
    <property name="java.io.tmpdir" value="C:\Users\80005462\AppData\Local\Temp\"/>
    <property name="java.version" value="1.8.0_111"/>
    <property name="user.dir" value="D:\CustomerCenter\workspace\demo-springboot-module\demo-springboot-attendance-schedule"/>
    <property name="os.arch" value="amd64"/>
    <property name="java.vm.specification.name" value="Java Virtual Machine Specification"/>
    <property name="java.awt.printerjob" value="sun.awt.windows.WPrinterJob"/>
    <property name="sun.os.patch.level" value="Service Pack 1"/>
    <property name="java.library.path" value="C:\Program Files\Java\jdk1.8.0_111\jre\bin;C:\Windows\Sun\Java\bin;C:\Windows\system32;C:\Windows;C:/Program Files/Java/jre1.8.0_191/bin/server;C:/Program Files/Java/jre1.8.0_191/bin;C:/Program Files/Java/jre1.8.0_191/lib/amd64;C:\Program Files (x86)\Common Files\Oracle\Java\javapath;C:\Program Files\Common Files\Microsoft Shared\Windows Live;C:\Program Files (x86)\Common Files\Microsoft Shared\Windows Live;C:\Program Files\Java\jdk1.8.0_144;C:\Program Files\Java\jdk1.7.0_80;C:\Program Files\Java\jdk1.8.0_111;C:\Program Files\Java;C:\Program Files\Java\jdk1.8.0_144;C:\ProgramData\Oracle\Java\javapath;C:\Program Files (x86)\Intel\iCLS Client\;C:\Program Files\Intel\iCLS Client\;C:\Windows\system32;C:\Windows;C:\Windows\System32\Wbem;C:\Windows\System32\WindowsPowerShell\v1.0\;C:\Program Files\Intel\Intel(R) Management Engine Components\DAL;C:\Program Files (x86)\Intel\Intel(R) Management Engine Components\DAL;C:\Program Files\Intel\Intel(R) Management Engine Components\IPT;C:\Program Files (x86)\Intel\Intel(R) Management Engine Components\IPT;C:\Program Files\Intel\WiFi\bin\;C:\Program Files\Common Files\Intel\WirelessCommon\;C:\Program Files (x86)\Common Files\Lenovo;C:\Program Files (x86)\Common Files\lenovo\easyplussdk\bin;C:\ProgramData\Lenovo\ReadyApps;C:\Program Files\Java;C:\Program Files\Java\jdk1.8.0_144\bin;C:\instantclient_12_2;C:\Program Files (x86)\Windows Live\Shared;C:\Program Files\nodejs\;C:\Program Files\Git\cmd;C:\Users\80005462\AppData\Roaming\npm;C:\Program Files\Microsoft VS Code\bin;D:\iWantWant2\eclipse;;."/>
    <property name="java.vm.info" value="mixed mode"/>
    <property name="java.vendor" value="Oracle Corporation"/>
    <property name="java.vm.version" value="25.111-b14"/>
    <property name="java.ext.dirs" value="C:\Program Files\Java\jdk1.8.0_111\jre\lib\ext;C:\Windows\Sun\Java\lib\ext"/>
    <property name="sun.io.unicode.encoding" value="UnicodeLittle"/>
    <property name="java.class.version" value="52.0"/>
  </properties>
  <testcase name="contextLoads" classname="org.demo.springboot.attendance.schedule.DemoSpringbootApplicationTests" time="0.005"/>
</testsuite>